[0.016s] Invoking command in '/home/baixiaobo/work/chassiss_odom_ws/ros2_for_rviz/odom_evo/build/odom_map_tum': CMAKE_PREFIX_PATH=${CMAKE_PREFIX_PATH}:/home/baixiaobo/work/chassiss_odom_ws/ros2_for_rviz/odom_evo/install/odom_map:/opt/ros/galactic /usr/local/bin/cmake --build /home/baixiaobo/work/chassiss_odom_ws/ros2_for_rviz/odom_evo/build/odom_map_tum -- -j16 -l16
[0.051s] [35m[1mConsolidate compiler generated dependencies of target odom_map_tum[0m
[0.097s] [  2%] [32mBuilding CXX object CMakeFiles/odom_map_tum.dir/src/local_map_on_odom.cpp.o[0m
[1.414s] In file included from [01m[K/home/baixiaobo/work/chassiss_odom_ws/ros2_for_rviz/odom_evo/include/odom_subscriber_for_rviz.hpp:9[m[K,
[1.414s]                  from [01m[K/home/baixiaobo/work/chassiss_odom_ws/ros2_for_rviz/odom_evo/src/local_map_on_odom.cpp:10[m[K:
[1.414s] [01m[K/home/baixiaobo/work/chassiss_odom_ws/ros2_for_rviz/odom_evo/include/odom_header.h:60:33:[m[K [01;35m[Kwarning: [m[Kmissing terminating " character
[1.414s]    60 | #include "nav_msgs/msg/path.hpp"[01;35m[K"[m[K
[1.414s]       |                                 [01;35m[K^[m[K
[1.414s] [01m[K/home/baixiaobo/work/chassiss_odom_ws/ros2_for_rviz/odom_evo/include/odom_header.h:60:33:[m[K [01;35m[Kwarning: [m[Kextra tokens at end of #include directive
[1.460s] In file included from [01m[K/home/baixiaobo/work/chassiss_odom_ws/ros2_for_rviz/odom_evo/src/local_map_on_odom.cpp:12[m[K:
[1.460s] [01m[K/home/baixiaobo/work/chassiss_odom_ws/ros2_for_rviz/odom_evo/include/odom_header.h:60:33:[m[K [01;35m[Kwarning: [m[Kmissing terminating " character
[1.460s]    60 | #include "nav_msgs/msg/path.hpp"[01;35m[K"[m[K
[1.460s]       |                                 [01;35m[K^[m[K
[5.276s] In file included from [01m[K/home/baixiaobo/work/chassiss_odom_ws/ros2_for_rviz/odom_evo/src/local_map_on_odom.cpp:11[m[K:
[5.276s] [01m[K/home/baixiaobo/work/chassiss_odom_ws/ros2_for_rviz/odom_evo/include/odom_publisher_for_rviz.hpp:[m[K In member function â€˜[01m[Kvoid OdomPublisher::Publish(std::deque<odom::proto::Frame>&, std::string)[m[Kâ€™:
[5.276s] [01m[K/home/baixiaobo/work/chassiss_odom_ws/ros2_for_rviz/odom_evo/include/odom_publisher_for_rviz.hpp:73:55:[m[K [01;31m[Kerror: [m[Kâ€˜[01m[K__gnu_cxx::__alloc_traits<std::allocator<odom::proto::Frame>, odom::proto::Frame>::value_type[m[Kâ€™ {aka â€˜[01m[Kclass odom::proto::Frame[m[Kâ€™} has no member named â€˜[01m[Ksys_timestamp[m[Kâ€™
[5.276s]    73 |             printf("time3: %20.9f\n",odom_input.at(i).[01;31m[Ksys_timestamp[m[K());
[5.276s]       |                                                       [01;31m[K^~~~~~~~~~~~~[m[K
[5.285s] [01m[K/home/baixiaobo/work/chassiss_odom_ws/ros2_for_rviz/odom_evo/include/odom_publisher_for_rviz.hpp:147:55:[m[K [01;31m[Kerror: [m[Kâ€˜[01m[K__gnu_cxx::__alloc_traits<std::allocator<odom::proto::Frame>, odom::proto::Frame>::value_type[m[Kâ€™ {aka â€˜[01m[Kclass odom::proto::Frame[m[Kâ€™} has no member named â€˜[01m[Ksys_timestamp[m[Kâ€™
[5.285s]   147 |             printf("time3: %20.9f\n",odom_input.at(i).[01;31m[Ksys_timestamp[m[K());
[5.285s]       |                                                       [01;31m[K^~~~~~~~~~~~~[m[K
[10.408s] make[2]: *** [CMakeFiles/odom_map_tum.dir/build.make:76: CMakeFiles/odom_map_tum.dir/src/local_map_on_odom.cpp.o] Error 1
[10.408s] make[1]: *** [CMakeFiles/Makefile2:137: CMakeFiles/odom_map_tum.dir/all] Error 2
[10.408s] make: *** [Makefile:146: all] Error 2
[10.410s] Invoked command in '/home/baixiaobo/work/chassiss_odom_ws/ros2_for_rviz/odom_evo/build/odom_map_tum' returned '2': CMAKE_PREFIX_PATH=${CMAKE_PREFIX_PATH}:/home/baixiaobo/work/chassiss_odom_ws/ros2_for_rviz/odom_evo/install/odom_map:/opt/ros/galactic /usr/local/bin/cmake --build /home/baixiaobo/work/chassiss_odom_ws/ros2_for_rviz/odom_evo/build/odom_map_tum -- -j16 -l16
