[35m[1mConsolidate compiler generated dependencies of target odom_map_for_rviz[0m
[  2%] [32mBuilding CXX object CMakeFiles/odom_map_for_rviz.dir/src/local_map_on_odom.cpp.o[0m
In file included from [01m[K/home/baixiaobo/work/chassiss_odom_ws/ros2_for_rviz/ChassisOdomMap/src/local_map_on_odom.cpp:4[m[K:
[01m[K/home/baixiaobo/work/chassiss_odom_ws/ros2_for_rviz/ChassisOdomMap/include/odom_publisher_for_rviz.hpp:[m[K In member function â€˜[01m[Kvoid OdomPublisher::Publish(std::deque<odom::proto::Frame>&)[m[Kâ€™:
[01m[K/home/baixiaobo/work/chassiss_odom_ws/ros2_for_rviz/ChassisOdomMap/include/odom_publisher_for_rviz.hpp:57:20:[m[K [01;31m[Kerror: [m[Kcannot convert â€˜[01m[Kstd::deque<odom::proto::Frame>[m[Kâ€™ to â€˜[01m[Kodom::proto::Frame&[m[Kâ€™
   57 |         print_odom([01;31m[Kodom_input[m[K);
      |                    [01;31m[K^~~~~~~~~~[m[K
      |                    [01;31m[K|[m[K
      |                    [01;31m[Kstd::deque<odom::proto::Frame>[m[K
[01m[K/home/baixiaobo/work/chassiss_odom_ws/ros2_for_rviz/ChassisOdomMap/include/odom_publisher_for_rviz.hpp:22:41:[m[K [01;36m[Knote: [m[K  initializing argument 1 of â€˜[01m[Kvoid OdomPublisher::print_odom(odom::proto::Frame&)[m[Kâ€™
   22 |     void print_odom([01;36m[Kodom::proto::Frame &current_odom_frame[m[K);
      |                     [01;36m[K~~~~~~~~~~~~~~~~~~~~^~~~~~~~~~~~~~~~~~[m[K
make[2]: *** [CMakeFiles/odom_map_for_rviz.dir/build.make:76: CMakeFiles/odom_map_for_rviz.dir/src/local_map_on_odom.cpp.o] Error 1
make[1]: *** [CMakeFiles/Makefile2:137: CMakeFiles/odom_map_for_rviz.dir/all] Error 2
make: *** [Makefile:146: all] Error 2
